test1
18 September 2019 08:56:07 AM

LINPACK_BENCH
  C version

  The LINPACK benchmark.
  Language: C
  Datatype: Double precision real
  Matrix order N               = 1000
  Leading matrix dimension LDA = 1001

     Norm. Resid      Resid           MACHEP         X[1]          X[N]

        6.491510        0.000000    2.220446e-16        1.000000        1.000000

      Factor     Solve      Total     MFLOPS       Unit      Cray-Ratio

   0.450000   0.000000   0.450000  1485.925926   0.001346   8.035714

LINPACK_BENCH
  Normal end of execution.

18 September 2019 08:56:07 AM
test2
18 September 2019 08:56:07 AM

LINPACK_BENCH
  C version

  The LINPACK benchmark.
  Language: C
  Datatype: Double precision real
  Matrix order N               = 1000
  Leading matrix dimension LDA = 1001

     Norm. Resid      Resid           MACHEP         X[1]          X[N]

        6.491510        0.000000    2.220446e-16        1.000000        1.000000

      Factor     Solve      Total     MFLOPS       Unit      Cray-Ratio

   0.440000   0.010000   0.450000  1485.925926   0.001346   8.035714

LINPACK_BENCH
  Normal end of execution.

18 September 2019 08:56:08 AM
test3
18 September 2019 08:56:08 AM

LINPACK_BENCH
  C version

  The LINPACK benchmark.
  Language: C
  Datatype: Double precision real
  Matrix order N               = 1000
  Leading matrix dimension LDA = 1001

     Norm. Resid      Resid           MACHEP         X[1]          X[N]

        6.491510        0.000000    2.220446e-16        1.000000        1.000000

      Factor     Solve      Total     MFLOPS       Unit      Cray-Ratio

   0.460000   0.000000   0.460000  1453.623188   0.001376   8.214286

LINPACK_BENCH
  Normal end of execution.

18 September 2019 08:56:08 AM
test4
18 September 2019 08:56:08 AM

LINPACK_BENCH
  C version

  The LINPACK benchmark.
  Language: C
  Datatype: Double precision real
  Matrix order N               = 1000
  Leading matrix dimension LDA = 1001

     Norm. Resid      Resid           MACHEP         X[1]          X[N]

        6.491510        0.000000    2.220446e-16        1.000000        1.000000

      Factor     Solve      Total     MFLOPS       Unit      Cray-Ratio

   0.460000   0.000000   0.460000  1453.623188   0.001376   8.214286

LINPACK_BENCH
  Normal end of execution.

18 September 2019 08:56:09 AM
test5
18 September 2019 08:56:09 AM

LINPACK_BENCH
  C version

  The LINPACK benchmark.
  Language: C
  Datatype: Double precision real
  Matrix order N               = 1000
  Leading matrix dimension LDA = 1001

     Norm. Resid      Resid           MACHEP         X[1]          X[N]

        6.491510        0.000000    2.220446e-16        1.000000        1.000000

      Factor     Solve      Total     MFLOPS       Unit      Cray-Ratio

   0.490000   0.000000   0.490000  1364.625850   0.001466   8.750000

LINPACK_BENCH
  Normal end of execution.

18 September 2019 08:56:10 AM
test6
18 September 2019 08:56:10 AM

LINPACK_BENCH
  C version

  The LINPACK benchmark.
  Language: C
  Datatype: Double precision real
  Matrix order N               = 1000
  Leading matrix dimension LDA = 1001

     Norm. Resid      Resid           MACHEP         X[1]          X[N]

        6.491510        0.000000    2.220446e-16        1.000000        1.000000

      Factor     Solve      Total     MFLOPS       Unit      Cray-Ratio

   0.450000   0.010000   0.460000  1453.623188   0.001376   8.214286

LINPACK_BENCH
  Normal end of execution.

18 September 2019 08:56:10 AM
test7
18 September 2019 08:56:10 AM

LINPACK_BENCH
  C version

  The LINPACK benchmark.
  Language: C
  Datatype: Double precision real
  Matrix order N               = 1000
  Leading matrix dimension LDA = 1001

     Norm. Resid      Resid           MACHEP         X[1]          X[N]

        6.491510        0.000000    2.220446e-16        1.000000        1.000000

      Factor     Solve      Total     MFLOPS       Unit      Cray-Ratio

   0.450000   0.000000   0.450000  1485.925926   0.001346   8.035714

LINPACK_BENCH
  Normal end of execution.

18 September 2019 08:56:11 AM
test8
18 September 2019 08:56:11 AM

LINPACK_BENCH
  C version

  The LINPACK benchmark.
  Language: C
  Datatype: Double precision real
  Matrix order N               = 1000
  Leading matrix dimension LDA = 1001

     Norm. Resid      Resid           MACHEP         X[1]          X[N]

        6.491510        0.000000    2.220446e-16        1.000000        1.000000

      Factor     Solve      Total     MFLOPS       Unit      Cray-Ratio

   0.460000   0.000000   0.460000  1453.623188   0.001376   8.214286

LINPACK_BENCH
  Normal end of execution.

18 September 2019 08:56:11 AM
test9
18 September 2019 08:56:11 AM

LINPACK_BENCH
  C version

  The LINPACK benchmark.
  Language: C
  Datatype: Double precision real
  Matrix order N               = 1000
  Leading matrix dimension LDA = 1001

     Norm. Resid      Resid           MACHEP         X[1]          X[N]

        6.491510        0.000000    2.220446e-16        1.000000        1.000000

      Factor     Solve      Total     MFLOPS       Unit      Cray-Ratio

   0.450000   0.000000   0.450000  1485.925926   0.001346   8.035714

LINPACK_BENCH
  Normal end of execution.

18 September 2019 08:56:12 AM
test10
18 September 2019 08:56:12 AM

LINPACK_BENCH
  C version

  The LINPACK benchmark.
  Language: C
  Datatype: Double precision real
  Matrix order N               = 1000
  Leading matrix dimension LDA = 1001

     Norm. Resid      Resid           MACHEP         X[1]          X[N]

        6.491510        0.000000    2.220446e-16        1.000000        1.000000

      Factor     Solve      Total     MFLOPS       Unit      Cray-Ratio

   0.450000   0.010000   0.460000  1453.623188   0.001376   8.214286

LINPACK_BENCH
  Normal end of execution.

18 September 2019 08:56:12 AM
test11
18 September 2019 08:56:12 AM

LINPACK_BENCH
  C version

  The LINPACK benchmark.
  Language: C
  Datatype: Double precision real
  Matrix order N               = 1000
  Leading matrix dimension LDA = 1001

     Norm. Resid      Resid           MACHEP         X[1]          X[N]

        6.491510        0.000000    2.220446e-16        1.000000        1.000000

      Factor     Solve      Total     MFLOPS       Unit      Cray-Ratio

   0.450000   0.000000   0.450000  1485.925926   0.001346   8.035714

LINPACK_BENCH
  Normal end of execution.

18 September 2019 08:56:13 AM
test12
18 September 2019 08:56:13 AM

LINPACK_BENCH
  C version

  The LINPACK benchmark.
  Language: C
  Datatype: Double precision real
  Matrix order N               = 1000
  Leading matrix dimension LDA = 1001

     Norm. Resid      Resid           MACHEP         X[1]          X[N]

        6.491510        0.000000    2.220446e-16        1.000000        1.000000

      Factor     Solve      Total     MFLOPS       Unit      Cray-Ratio

   0.450000   0.010000   0.460000  1453.623188   0.001376   8.214286

LINPACK_BENCH
  Normal end of execution.

18 September 2019 08:56:13 AM
test13
18 September 2019 08:56:13 AM

LINPACK_BENCH
  C version

  The LINPACK benchmark.
  Language: C
  Datatype: Double precision real
  Matrix order N               = 1000
  Leading matrix dimension LDA = 1001

     Norm. Resid      Resid           MACHEP         X[1]          X[N]

        6.491510        0.000000    2.220446e-16        1.000000        1.000000

      Factor     Solve      Total     MFLOPS       Unit      Cray-Ratio

   0.450000   0.000000   0.450000  1485.925926   0.001346   8.035714

LINPACK_BENCH
  Normal end of execution.

18 September 2019 08:56:14 AM
test14
18 September 2019 08:56:14 AM

LINPACK_BENCH
  C version

  The LINPACK benchmark.
  Language: C
  Datatype: Double precision real
  Matrix order N               = 1000
  Leading matrix dimension LDA = 1001

     Norm. Resid      Resid           MACHEP         X[1]          X[N]

        6.491510        0.000000    2.220446e-16        1.000000        1.000000

      Factor     Solve      Total     MFLOPS       Unit      Cray-Ratio

   0.450000   0.000000   0.450000  1485.925926   0.001346   8.035714

LINPACK_BENCH
  Normal end of execution.

18 September 2019 08:56:14 AM
test15
18 September 2019 08:56:14 AM

LINPACK_BENCH
  C version

  The LINPACK benchmark.
  Language: C
  Datatype: Double precision real
  Matrix order N               = 1000
  Leading matrix dimension LDA = 1001

     Norm. Resid      Resid           MACHEP         X[1]          X[N]

        6.491510        0.000000    2.220446e-16        1.000000        1.000000

      Factor     Solve      Total     MFLOPS       Unit      Cray-Ratio

   0.450000   0.000000   0.450000  1485.925926   0.001346   8.035714

LINPACK_BENCH
  Normal end of execution.

18 September 2019 08:56:15 AM
test16
18 September 2019 08:56:15 AM

LINPACK_BENCH
  C version

  The LINPACK benchmark.
  Language: C
  Datatype: Double precision real
  Matrix order N               = 1000
  Leading matrix dimension LDA = 1001

     Norm. Resid      Resid           MACHEP         X[1]          X[N]

        6.491510        0.000000    2.220446e-16        1.000000        1.000000

      Factor     Solve      Total     MFLOPS       Unit      Cray-Ratio

   0.450000   0.000000   0.450000  1485.925926   0.001346   8.035714

LINPACK_BENCH
  Normal end of execution.

18 September 2019 08:56:15 AM
test17
18 September 2019 08:56:15 AM

LINPACK_BENCH
  C version

  The LINPACK benchmark.
  Language: C
  Datatype: Double precision real
  Matrix order N               = 1000
  Leading matrix dimension LDA = 1001

     Norm. Resid      Resid           MACHEP         X[1]          X[N]

        6.491510        0.000000    2.220446e-16        1.000000        1.000000

      Factor     Solve      Total     MFLOPS       Unit      Cray-Ratio

   0.450000   0.000000   0.450000  1485.925926   0.001346   8.035714

LINPACK_BENCH
  Normal end of execution.

18 September 2019 08:56:16 AM
test18
18 September 2019 08:56:16 AM

LINPACK_BENCH
  C version

  The LINPACK benchmark.
  Language: C
  Datatype: Double precision real
  Matrix order N               = 1000
  Leading matrix dimension LDA = 1001

     Norm. Resid      Resid           MACHEP         X[1]          X[N]

        6.491510        0.000000    2.220446e-16        1.000000        1.000000

      Factor     Solve      Total     MFLOPS       Unit      Cray-Ratio

   0.450000   0.000000   0.450000  1485.925926   0.001346   8.035714

LINPACK_BENCH
  Normal end of execution.

18 September 2019 08:56:16 AM
test19
18 September 2019 08:56:16 AM

LINPACK_BENCH
  C version

  The LINPACK benchmark.
  Language: C
  Datatype: Double precision real
  Matrix order N               = 1000
  Leading matrix dimension LDA = 1001

     Norm. Resid      Resid           MACHEP         X[1]          X[N]

        6.491510        0.000000    2.220446e-16        1.000000        1.000000

      Factor     Solve      Total     MFLOPS       Unit      Cray-Ratio

   0.460000   0.000000   0.460000  1453.623188   0.001376   8.214286

LINPACK_BENCH
  Normal end of execution.

18 September 2019 08:56:17 AM
test20
18 September 2019 08:56:17 AM

LINPACK_BENCH
  C version

  The LINPACK benchmark.
  Language: C
  Datatype: Double precision real
  Matrix order N               = 1000
  Leading matrix dimension LDA = 1001

     Norm. Resid      Resid           MACHEP         X[1]          X[N]

        6.491510        0.000000    2.220446e-16        1.000000        1.000000

      Factor     Solve      Total     MFLOPS       Unit      Cray-Ratio

   0.450000   0.000000   0.450000  1485.925926   0.001346   8.035714

LINPACK_BENCH
  Normal end of execution.

18 September 2019 08:56:17 AM
test21
18 September 2019 08:56:17 AM

LINPACK_BENCH
  C version

  The LINPACK benchmark.
  Language: C
  Datatype: Double precision real
  Matrix order N               = 1000
  Leading matrix dimension LDA = 1001

     Norm. Resid      Resid           MACHEP         X[1]          X[N]

        6.491510        0.000000    2.220446e-16        1.000000        1.000000

      Factor     Solve      Total     MFLOPS       Unit      Cray-Ratio

   0.440000   0.010000   0.450000  1485.925926   0.001346   8.035714

LINPACK_BENCH
  Normal end of execution.

18 September 2019 08:56:18 AM
test22
18 September 2019 08:56:18 AM

LINPACK_BENCH
  C version

  The LINPACK benchmark.
  Language: C
  Datatype: Double precision real
  Matrix order N               = 1000
  Leading matrix dimension LDA = 1001

     Norm. Resid      Resid           MACHEP         X[1]          X[N]

        6.491510        0.000000    2.220446e-16        1.000000        1.000000

      Factor     Solve      Total     MFLOPS       Unit      Cray-Ratio

   0.450000   0.000000   0.450000  1485.925926   0.001346   8.035714

LINPACK_BENCH
  Normal end of execution.

18 September 2019 08:56:18 AM
test23
18 September 2019 08:56:18 AM

LINPACK_BENCH
  C version

  The LINPACK benchmark.
  Language: C
  Datatype: Double precision real
  Matrix order N               = 1000
  Leading matrix dimension LDA = 1001

     Norm. Resid      Resid           MACHEP         X[1]          X[N]

        6.491510        0.000000    2.220446e-16        1.000000        1.000000

      Factor     Solve      Total     MFLOPS       Unit      Cray-Ratio

   0.450000   0.000000   0.450000  1485.925926   0.001346   8.035714

LINPACK_BENCH
  Normal end of execution.

18 September 2019 08:56:19 AM
test24
18 September 2019 08:56:19 AM

LINPACK_BENCH
  C version

  The LINPACK benchmark.
  Language: C
  Datatype: Double precision real
  Matrix order N               = 1000
  Leading matrix dimension LDA = 1001

     Norm. Resid      Resid           MACHEP         X[1]          X[N]

        6.491510        0.000000    2.220446e-16        1.000000        1.000000

      Factor     Solve      Total     MFLOPS       Unit      Cray-Ratio

   0.450000   0.000000   0.450000  1485.925926   0.001346   8.035714

LINPACK_BENCH
  Normal end of execution.

18 September 2019 08:56:19 AM
test25
18 September 2019 08:56:19 AM

LINPACK_BENCH
  C version

  The LINPACK benchmark.
  Language: C
  Datatype: Double precision real
  Matrix order N               = 1000
  Leading matrix dimension LDA = 1001

     Norm. Resid      Resid           MACHEP         X[1]          X[N]

        6.491510        0.000000    2.220446e-16        1.000000        1.000000

      Factor     Solve      Total     MFLOPS       Unit      Cray-Ratio

   0.460000   0.000000   0.460000  1453.623188   0.001376   8.214286

LINPACK_BENCH
  Normal end of execution.

18 September 2019 08:56:20 AM
test26
18 September 2019 08:56:20 AM

LINPACK_BENCH
  C version

  The LINPACK benchmark.
  Language: C
  Datatype: Double precision real
  Matrix order N               = 1000
  Leading matrix dimension LDA = 1001

     Norm. Resid      Resid           MACHEP         X[1]          X[N]

        6.491510        0.000000    2.220446e-16        1.000000        1.000000

      Factor     Solve      Total     MFLOPS       Unit      Cray-Ratio

   0.480000   0.000000   0.480000  1393.055556   0.001436   8.571429

LINPACK_BENCH
  Normal end of execution.

18 September 2019 08:56:20 AM
test27
18 September 2019 08:56:20 AM

LINPACK_BENCH
  C version

  The LINPACK benchmark.
  Language: C
  Datatype: Double precision real
  Matrix order N               = 1000
  Leading matrix dimension LDA = 1001

     Norm. Resid      Resid           MACHEP         X[1]          X[N]

        6.491510        0.000000    2.220446e-16        1.000000        1.000000

      Factor     Solve      Total     MFLOPS       Unit      Cray-Ratio

   0.450000   0.000000   0.450000  1485.925926   0.001346   8.035714

LINPACK_BENCH
  Normal end of execution.

18 September 2019 08:56:21 AM
test28
18 September 2019 08:56:21 AM

LINPACK_BENCH
  C version

  The LINPACK benchmark.
  Language: C
  Datatype: Double precision real
  Matrix order N               = 1000
  Leading matrix dimension LDA = 1001

     Norm. Resid      Resid           MACHEP         X[1]          X[N]

        6.491510        0.000000    2.220446e-16        1.000000        1.000000

      Factor     Solve      Total     MFLOPS       Unit      Cray-Ratio

   0.490000   0.000000   0.490000  1364.625850   0.001466   8.750000

LINPACK_BENCH
  Normal end of execution.

18 September 2019 08:56:21 AM
